# JRE version: Java(TM) SE Runtime Environment (8.0_202-b08) (build 1.8.0_202-b08)
# Java VM: Java HotSpot(TM) 64-Bit Server VM (25.202-b08 mixed mode windows-amd64 compressed oops)
Heap:
 PSYoungGen      total 92160K, used 80384K [0x00000000e0000000, 0x00000000e8000000, 0x0000000100000000)
  eden space 80384K, 100% used [0x00000000e0000000,0x00000000e4e80000,0x00000000e4e80000)
  from space 11776K, 0% used [0x00000000e4e80000,0x00000000e4e80000,0x00000000e5a00000)
  to   space 11776K, 0% used [0x00000000e7480000,0x00000000e7480000,0x00000000e8000000)
 ParOldGen       total 91136K, used 15520K [0x00000000a0000000, 0x00000000a5900000, 0x00000000e0000000)
  object space 91136K, 17% used [0x00000000a0000000,0x00000000a0f282e0,0x00000000a5900000)
 Metaspace       used 41878K, capacity 42736K, committed 42880K, reserved 1085440K
  class space    used 5898K, capacity 6197K, committed 6272K, reserved 1048576K
GC Heap History (10 events):
Event: 5.447 GC heap before
{Heap before GC invocations=7 (full 1):
 PSYoungGen      total 38400K, used 33280K [0x00000000e0000000, 0x00000000e5700000, 0x0000000100000000)
  eden space 33280K, 100% used [0x00000000e0000000,0x00000000e2080000,0x00000000e2080000)
  from space 5120K, 0% used [0x00000000e2080000,0x00000000e2080000,0x00000000e2580000)
  to   space 11264K, 0% used [0x00000000e4c00000,0x00000000e4c00000,0x00000000e5700000)
 ParOldGen       total 62464K, used 9597K [0x00000000a0000000, 0x00000000a3d00000, 0x00000000e0000000)
  object space 62464K, 15% used [0x00000000a0000000,0x00000000a095f580,0x00000000a3d00000)
 Metaspace       used 24857K, capacity 25350K, committed 25472K, reserved 1071104K
  class space    used 3507K, capacity 3702K, committed 3712K, reserved 1048576K
Event: 5.455 GC heap after
Heap after GC invocations=7 (full 1):
 PSYoungGen      total 56320K, used 4033K [0x00000000e0000000, 0x00000000e5000000, 0x0000000100000000)
  eden space 52224K, 0% used [0x00000000e0000000,0x00000000e0000000,0x00000000e3300000)
  from space 4096K, 98% used [0x00000000e4c00000,0x00000000e4ff0680,0x00000000e5000000)
  to   space 11264K, 0% used [0x00000000e3a00000,0x00000000e3a00000,0x00000000e4500000)
 ParOldGen       total 62464K, used 9605K [0x00000000a0000000, 0x00000000a3d00000, 0x00000000e0000000)
  object space 62464K, 15% used [0x00000000a0000000,0x00000000a0961580,0x00000000a3d00000)
 Metaspace       used 24857K, capacity 25350K, committed 25472K, reserved 1071104K
  class space    used 3507K, capacity 3702K, committed 3712K, reserved 1048576K
}
Event: 6.428 GC heap before
{Heap before GC invocations=8 (full 1):
 PSYoungGen      total 56320K, used 56257K [0x00000000e0000000, 0x00000000e5000000, 0x0000000100000000)
  eden space 52224K, 100% used [0x00000000e0000000,0x00000000e3300000,0x00000000e3300000)
  from space 4096K, 98% used [0x00000000e4c00000,0x00000000e4ff0680,0x00000000e5000000)
  to   space 11264K, 0% used [0x00000000e3a00000,0x00000000e3a00000,0x00000000e4500000)
 ParOldGen       total 62464K, used 9605K [0x00000000a0000000, 0x00000000a3d00000, 0x00000000e0000000)
  object space 62464K, 15% used [0x00000000a0000000,0x00000000a0961580,0x00000000a3d00000)
 Metaspace       used 28449K, capacity 28886K, committed 29056K, reserved 1075200K
  class space    used 4025K, capacity 4196K, committed 4224K, reserved 1048576K
Event: 6.442 GC heap after
Heap after GC invocations=8 (full 1):
 PSYoungGen      total 70656K, used 6832K [0x00000000e0000000, 0x00000000e6480000, 0x0000000100000000)
  eden space 59392K, 0% used [0x00000000e0000000,0x00000000e0000000,0x00000000e3a00000)
  from space 11264K, 60% used [0x00000000e3a00000,0x00000000e40ac268,0x00000000e4500000)
  to   space 10752K, 0% used [0x00000000e5a00000,0x00000000e5a00000,0x00000000e6480000)
 ParOldGen       total 62464K, used 9613K [0x00000000a0000000, 0x00000000a3d00000, 0x00000000e0000000)
  object space 62464K, 15% used [0x00000000a0000000,0x00000000a0963580,0x00000000a3d00000)
 Metaspace       used 28449K, capacity 28886K, committed 29056K, reserved 1075200K
  class space    used 4025K, capacity 4196K, committed 4224K, reserved 1048576K
}
Event: 8.080 GC heap before
{Heap before GC invocations=9 (full 1):
 PSYoungGen      total 70656K, used 66224K [0x00000000e0000000, 0x00000000e6480000, 0x0000000100000000)
  eden space 59392K, 100% used [0x00000000e0000000,0x00000000e3a00000,0x00000000e3a00000)
  from space 11264K, 60% used [0x00000000e3a00000,0x00000000e40ac268,0x00000000e4500000)
  to   space 10752K, 0% used [0x00000000e5a00000,0x00000000e5a00000,0x00000000e6480000)
 ParOldGen       total 62464K, used 9613K [0x00000000a0000000, 0x00000000a3d00000, 0x00000000e0000000)
  object space 62464K, 15% used [0x00000000a0000000,0x00000000a0963580,0x00000000a3d00000)
 Metaspace       used 31470K, capacity 31930K, committed 32128K, reserved 1077248K
  class space    used 4516K, capacity 4718K, committed 4736K, reserved 1048576K
Event: 8.091 GC heap after
Heap after GC invocations=9 (full 1):
 PSYoungGen      total 91136K, used 9303K [0x00000000e0000000, 0x00000000e6f00000, 0x0000000100000000)
  eden space 80384K, 0% used [0x00000000e0000000,0x00000000e0000000,0x00000000e4e80000)
  from space 10752K, 86% used [0x00000000e5a00000,0x00000000e6315c40,0x00000000e6480000)
  to   space 11776K, 0% used [0x00000000e4e80000,0x00000000e4e80000,0x00000000e5a00000)
 ParOldGen       total 62464K, used 9621K [0x00000000a0000000, 0x00000000a3d00000, 0x00000000e0000000)
  object space 62464K, 15% used [0x00000000a0000000,0x00000000a0965580,0x00000000a3d00000)
 Metaspace       used 31470K, capacity 31930K, committed 32128K, reserved 1077248K
  class space    used 4516K, capacity 4718K, committed 4736K, reserved 1048576K
}
Event: 8.393 GC heap before
{Heap before GC invocations=10 (full 1):
 PSYoungGen      total 91136K, used 27074K [0x00000000e0000000, 0x00000000e6f00000, 0x0000000100000000)
  eden space 80384K, 22% used [0x00000000e0000000,0x00000000e115aee0,0x00000000e4e80000)
  from space 10752K, 86% used [0x00000000e5a00000,0x00000000e6315c40,0x00000000e6480000)
  to   space 11776K, 0% used [0x00000000e4e80000,0x00000000e4e80000,0x00000000e5a00000)
 ParOldGen       total 62464K, used 9621K [0x00000000a0000000, 0x00000000a3d00000, 0x00000000e0000000)
  object space 62464K, 15% used [0x00000000a0000000,0x00000000a0965580,0x00000000a3d00000)
 Metaspace       used 34848K, capacity 35388K, committed 35456K, reserved 1079296K
  class space    used 4973K, capacity 5194K, committed 5248K, reserved 1048576K
Event: 8.400 GC heap after
Heap after GC invocations=10 (full 1):
 PSYoungGen      total 92160K, used 8757K [0x00000000e0000000, 0x00000000e8000000, 0x0000000100000000)
  eden space 80384K, 0% used [0x00000000e0000000,0x00000000e0000000,0x00000000e4e80000)
  from space 11776K, 74% used [0x00000000e4e80000,0x00000000e570d5b0,0x00000000e5a00000)
  to   space 11776K, 0% used [0x00000000e7480000,0x00000000e7480000,0x00000000e8000000)
 ParOldGen       total 62464K, used 9629K [0x00000000a0000000, 0x00000000a3d00000, 0x00000000e0000000)
  object space 62464K, 15% used [0x00000000a0000000,0x00000000a0967580,0x00000000a3d00000)
 Metaspace       used 34848K, capacity 35388K, committed 35456K, reserved 1079296K
  class space    used 4973K, capacity 5194K, committed 5248K, reserved 1048576K
}
Event: 8.400 GC heap before
{Heap before GC invocations=11 (full 2):
 PSYoungGen      total 92160K, used 8757K [0x00000000e0000000, 0x00000000e8000000, 0x0000000100000000)
  eden space 80384K, 0% used [0x00000000e0000000,0x00000000e0000000,0x00000000e4e80000)
  from space 11776K, 74% used [0x00000000e4e80000,0x00000000e570d5b0,0x00000000e5a00000)
  to   space 11776K, 0% used [0x00000000e7480000,0x00000000e7480000,0x00000000e8000000)
 ParOldGen       total 62464K, used 9629K [0x00000000a0000000, 0x00000000a3d00000, 0x00000000e0000000)
  object space 62464K, 15% used [0x00000000a0000000,0x00000000a0967580,0x00000000a3d00000)
 Metaspace       used 34848K, capacity 35388K, committed 35456K, reserved 1079296K
  class space    used 4973K, capacity 5194K, committed 5248K, reserved 1048576K
Event: 8.472 GC heap after
Heap after GC invocations=11 (full 2):
 PSYoungGen      total 92160K, used 0K [0x00000000e0000000, 0x00000000e8000000, 0x0000000100000000)
  eden space 80384K, 0% used [0x00000000e0000000,0x00000000e0000000,0x00000000e4e80000)
  from space 11776K, 0% used [0x00000000e4e80000,0x00000000e4e80000,0x00000000e5a00000)
  to   space 11776K, 0% used [0x00000000e7480000,0x00000000e7480000,0x00000000e8000000)
 ParOldGen       total 91136K, used 15520K [0x00000000a0000000, 0x00000000a5900000, 0x00000000e0000000)
  object space 91136K, 17% used [0x00000000a0000000,0x00000000a0f282e0,0x00000000a5900000)
 Metaspace       used 34848K, capacity 35388K, committed 35456K, reserved 1079296K
  class space    used 4973K, capacity 5194K, committed 5248K, reserved 1048576K
}

