# JRE version: Java(TM) SE Runtime Environment (8.0_202-b08) (build 1.8.0_202-b08)
# Java VM: Java HotSpot(TM) 64-Bit Server VM (25.202-b08 mixed mode windows-amd64 compressed oops)
Heap:
 PSYoungGen      total 141312K, used 4469K [0x00000000e0000000, 0x00000000ec480000, 0x0000000100000000)
  eden space 130560K, 3% used [0x00000000e0000000,0x00000000e045d4f8,0x00000000e7f80000)
  from space 10752K, 0% used [0x00000000e7f80000,0x00000000e7f80000,0x00000000e8a00000)
  to   space 13312K, 0% used [0x00000000eb780000,0x00000000eb780000,0x00000000ec480000)
 ParOldGen       total 93696K, used 19440K [0x00000000a0000000, 0x00000000a5b80000, 0x00000000e0000000)
  object space 93696K, 20% used [0x00000000a0000000,0x00000000a12fc198,0x00000000a5b80000)
 Metaspace       used 35259K, capacity 35836K, committed 36096K, reserved 1079296K
  class space    used 5034K, capacity 5258K, committed 5376K, reserved 1048576K
GC Heap History (10 events):
Event: 2.436 GC heap before
{Heap before GC invocations=5 (full 0):
 PSYoungGen      total 71680K, used 37292K [0x00000000e0000000, 0x00000000e4b00000, 0x0000000100000000)
  eden space 66560K, 48% used [0x00000000e0000000,0x00000000e1f73330,0x00000000e4100000)
  from space 5120K, 99% used [0x00000000e4600000,0x00000000e4af8020,0x00000000e4b00000)
  to   space 5120K, 0% used [0x00000000e4100000,0x00000000e4100000,0x00000000e4600000)
 ParOldGen       total 87552K, used 5404K [0x00000000a0000000, 0x00000000a5580000, 0x00000000e0000000)
  object space 87552K, 6% used [0x00000000a0000000,0x00000000a0547140,0x00000000a5580000)
 Metaspace       used 20766K, capacity 21180K, committed 21296K, reserved 1067008K
  class space    used 2983K, capacity 3150K, committed 3200K, reserved 1048576K
Event: 2.445 GC heap after
Heap after GC invocations=5 (full 0):
 PSYoungGen      total 71680K, used 5088K [0x00000000e0000000, 0x00000000e9800000, 0x0000000100000000)
  eden space 66560K, 0% used [0x00000000e0000000,0x00000000e0000000,0x00000000e4100000)
  from space 5120K, 99% used [0x00000000e4100000,0x00000000e45f8040,0x00000000e4600000)
  to   space 11264K, 0% used [0x00000000e8d00000,0x00000000e8d00000,0x00000000e9800000)
 ParOldGen       total 87552K, used 9672K [0x00000000a0000000, 0x00000000a5580000, 0x00000000e0000000)
  object space 87552K, 11% used [0x00000000a0000000,0x00000000a0972308,0x00000000a5580000)
 Metaspace       used 20766K, capacity 21180K, committed 21296K, reserved 1067008K
  class space    used 2983K, capacity 3150K, committed 3200K, reserved 1048576K
}
Event: 2.445 GC heap before
{Heap before GC invocations=6 (full 1):
 PSYoungGen      total 71680K, used 5088K [0x00000000e0000000, 0x00000000e9800000, 0x0000000100000000)
  eden space 66560K, 0% used [0x00000000e0000000,0x00000000e0000000,0x00000000e4100000)
  from space 5120K, 99% used [0x00000000e4100000,0x00000000e45f8040,0x00000000e4600000)
  to   space 11264K, 0% used [0x00000000e8d00000,0x00000000e8d00000,0x00000000e9800000)
 ParOldGen       total 87552K, used 9672K [0x00000000a0000000, 0x00000000a5580000, 0x00000000e0000000)
  object space 87552K, 11% used [0x00000000a0000000,0x00000000a0972308,0x00000000a5580000)
 Metaspace       used 20766K, capacity 21180K, committed 21296K, reserved 1067008K
  class space    used 2983K, capacity 3150K, committed 3200K, reserved 1048576K
Event: 2.468 GC heap after
Heap after GC invocations=6 (full 1):
 PSYoungGen      total 71680K, used 0K [0x00000000e0000000, 0x00000000e9800000, 0x0000000100000000)
  eden space 66560K, 0% used [0x00000000e0000000,0x00000000e0000000,0x00000000e4100000)
  from space 5120K, 0% used [0x00000000e4100000,0x00000000e4100000,0x00000000e4600000)
  to   space 11264K, 0% used [0x00000000e8d00000,0x00000000e8d00000,0x00000000e9800000)
 ParOldGen       total 60416K, used 9594K [0x00000000a0000000, 0x00000000a3b00000, 0x00000000e0000000)
  object space 60416K, 15% used [0x00000000a0000000,0x00000000a095e828,0x00000000a3b00000)
 Metaspace       used 20766K, capacity 21180K, committed 21296K, reserved 1067008K
  class space    used 2983K, capacity 3150K, committed 3200K, reserved 1048576K
}
Event: 3.331 GC heap before
{Heap before GC invocations=7 (full 1):
 PSYoungGen      total 71680K, used 66560K [0x00000000e0000000, 0x00000000e9800000, 0x0000000100000000)
  eden space 66560K, 100% used [0x00000000e0000000,0x00000000e4100000,0x00000000e4100000)
  from space 5120K, 0% used [0x00000000e4100000,0x00000000e4100000,0x00000000e4600000)
  to   space 11264K, 0% used [0x00000000e8d00000,0x00000000e8d00000,0x00000000e9800000)
 ParOldGen       total 60416K, used 9594K [0x00000000a0000000, 0x00000000a3b00000, 0x00000000e0000000)
  object space 60416K, 15% used [0x00000000a0000000,0x00000000a095e828,0x00000000a3b00000)
 Metaspace       used 27412K, capacity 27882K, committed 28160K, reserved 1073152K
  class space    used 3852K, capacity 4033K, committed 4096K, reserved 1048576K
Event: 3.340 GC heap after
Heap after GC invocations=7 (full 1):
 PSYoungGen      total 116224K, used 7329K [0x00000000e0000000, 0x00000000e9480000, 0x0000000100000000)
  eden space 108544K, 0% used [0x00000000e0000000,0x00000000e0000000,0x00000000e6a00000)
  from space 7680K, 95% used [0x00000000e8d00000,0x00000000e9428698,0x00000000e9480000)
  to   space 10752K, 0% used [0x00000000e7f80000,0x00000000e7f80000,0x00000000e8a00000)
 ParOldGen       total 60416K, used 9602K [0x00000000a0000000, 0x00000000a3b00000, 0x00000000e0000000)
  object space 60416K, 15% used [0x00000000a0000000,0x00000000a0960828,0x00000000a3b00000)
 Metaspace       used 27412K, capacity 27882K, committed 28160K, reserved 1073152K
  class space    used 3852K, capacity 4033K, committed 4096K, reserved 1048576K
}
Event: 4.892 GC heap before
{Heap before GC invocations=8 (full 1):
 PSYoungGen      total 116224K, used 103684K [0x00000000e0000000, 0x00000000e9480000, 0x0000000100000000)
  eden space 108544K, 88% used [0x00000000e0000000,0x00000000e5e18a88,0x00000000e6a00000)
  from space 7680K, 95% used [0x00000000e8d00000,0x00000000e9428698,0x00000000e9480000)
  to   space 10752K, 0% used [0x00000000e7f80000,0x00000000e7f80000,0x00000000e8a00000)
 ParOldGen       total 60416K, used 9602K [0x00000000a0000000, 0x00000000a3b00000, 0x00000000e0000000)
  object space 60416K, 15% used [0x00000000a0000000,0x00000000a0960828,0x00000000a3b00000)
 Metaspace       used 34843K, capacity 35388K, committed 35456K, reserved 1079296K
  class space    used 4976K, capacity 5194K, committed 5248K, reserved 1048576K
Event: 4.909 GC heap after
Heap after GC invocations=8 (full 1):
 PSYoungGen      total 141312K, used 10733K [0x00000000e0000000, 0x00000000ec480000, 0x0000000100000000)
  eden space 130560K, 0% used [0x00000000e0000000,0x00000000e0000000,0x00000000e7f80000)
  from space 10752K, 99% used [0x00000000e7f80000,0x00000000e89fb418,0x00000000e8a00000)
  to   space 13312K, 0% used [0x00000000eb780000,0x00000000eb780000,0x00000000ec480000)
 ParOldGen       total 60416K, used 11800K [0x00000000a0000000, 0x00000000a3b00000, 0x00000000e0000000)
  object space 60416K, 19% used [0x00000000a0000000,0x00000000a0b861d0,0x00000000a3b00000)
 Metaspace       used 34843K, capacity 35388K, committed 35456K, reserved 1079296K
  class space    used 4976K, capacity 5194K, committed 5248K, reserved 1048576K
}
Event: 4.909 GC heap before
{Heap before GC invocations=9 (full 2):
 PSYoungGen      total 141312K, used 10733K [0x00000000e0000000, 0x00000000ec480000, 0x0000000100000000)
  eden space 130560K, 0% used [0x00000000e0000000,0x00000000e0000000,0x00000000e7f80000)
  from space 10752K, 99% used [0x00000000e7f80000,0x00000000e89fb418,0x00000000e8a00000)
  to   space 13312K, 0% used [0x00000000eb780000,0x00000000eb780000,0x00000000ec480000)
 ParOldGen       total 60416K, used 11800K [0x00000000a0000000, 0x00000000a3b00000, 0x00000000e0000000)
  object space 60416K, 19% used [0x00000000a0000000,0x00000000a0b861d0,0x00000000a3b00000)
 Metaspace       used 34843K, capacity 35388K, committed 35456K, reserved 1079296K
  class space    used 4976K, capacity 5194K, committed 5248K, reserved 1048576K
Event: 4.968 GC heap after
Heap after GC invocations=9 (full 2):
 PSYoungGen      total 141312K, used 0K [0x00000000e0000000, 0x00000000ec480000, 0x0000000100000000)
  eden space 130560K, 0% used [0x00000000e0000000,0x00000000e0000000,0x00000000e7f80000)
  from space 10752K, 0% used [0x00000000e7f80000,0x00000000e7f80000,0x00000000e8a00000)
  to   space 13312K, 0% used [0x00000000eb780000,0x00000000eb780000,0x00000000ec480000)
 ParOldGen       total 93696K, used 19440K [0x00000000a0000000, 0x00000000a5b80000, 0x00000000e0000000)
  object space 93696K, 20% used [0x00000000a0000000,0x00000000a12fc198,0x00000000a5b80000)
 Metaspace       used 34843K, capacity 35388K, committed 35456K, reserved 1079296K
  class space    used 4976K, capacity 5194K, committed 5248K, reserved 1048576K
}

