# JRE version: Java(TM) SE Runtime Environment (8.0_202-b08) (build 1.8.0_202-b08)
# Java VM: Java HotSpot(TM) 64-Bit Server VM (25.202-b08 mixed mode windows-amd64 compressed oops)
Heap:
 PSYoungGen      total 119808K, used 34882K [0x00000000e0000000, 0x00000000e8d80000, 0x0000000100000000)
  eden space 107520K, 24% used [0x00000000e0000000,0x00000000e195c198,0x00000000e6900000)
  from space 12288K, 72% used [0x00000000e6900000,0x00000000e71b4988,0x00000000e7500000)
  to   space 12288K, 0% used [0x00000000e8180000,0x00000000e8180000,0x00000000e8d80000)
 ParOldGen       total 63488K, used 21803K [0x00000000a0000000, 0x00000000a3e00000, 0x00000000e0000000)
  object space 63488K, 34% used [0x00000000a0000000,0x00000000a154ac80,0x00000000a3e00000)
 Metaspace       used 53880K, capacity 55490K, committed 55680K, reserved 1099776K
  class space    used 7653K, capacity 8056K, committed 8064K, reserved 1048576K
GC Heap History (10 events):
Event: 7.100 GC heap before
{Heap before GC invocations=9 (full 1):
 PSYoungGen      total 70656K, used 66241K [0x00000000e0000000, 0x00000000e6400000, 0x0000000100000000)
  eden space 59392K, 100% used [0x00000000e0000000,0x00000000e3a00000,0x00000000e3a00000)
  from space 11264K, 60% used [0x00000000e3a00000,0x00000000e40b0648,0x00000000e4500000)
  to   space 10752K, 0% used [0x00000000e5980000,0x00000000e5980000,0x00000000e6400000)
 ParOldGen       total 63488K, used 9613K [0x00000000a0000000, 0x00000000a3e00000, 0x00000000e0000000)
  object space 63488K, 15% used [0x00000000a0000000,0x00000000a0963650,0x00000000a3e00000)
 Metaspace       used 31384K, capacity 31866K, committed 32128K, reserved 1077248K
  class space    used 4508K, capacity 4718K, committed 4736K, reserved 1048576K
Event: 7.116 GC heap after
Heap after GC invocations=9 (full 1):
 PSYoungGen      total 90624K, used 9279K [0x00000000e0000000, 0x00000000e7280000, 0x0000000100000000)
  eden space 79872K, 0% used [0x00000000e0000000,0x00000000e0000000,0x00000000e4e00000)
  from space 10752K, 86% used [0x00000000e5980000,0x00000000e628fcf8,0x00000000e6400000)
  to   space 11776K, 0% used [0x00000000e4e00000,0x00000000e4e00000,0x00000000e5980000)
 ParOldGen       total 63488K, used 9621K [0x00000000a0000000, 0x00000000a3e00000, 0x00000000e0000000)
  object space 63488K, 15% used [0x00000000a0000000,0x00000000a0965650,0x00000000a3e00000)
 Metaspace       used 31384K, capacity 31866K, committed 32128K, reserved 1077248K
  class space    used 4508K, capacity 4718K, committed 4736K, reserved 1048576K
}
Event: 7.630 GC heap before
{Heap before GC invocations=10 (full 1):
 PSYoungGen      total 90624K, used 26844K [0x00000000e0000000, 0x00000000e7280000, 0x0000000100000000)
  eden space 79872K, 21% used [0x00000000e0000000,0x00000000e1127520,0x00000000e4e00000)
  from space 10752K, 86% used [0x00000000e5980000,0x00000000e628fcf8,0x00000000e6400000)
  to   space 11776K, 0% used [0x00000000e4e00000,0x00000000e4e00000,0x00000000e5980000)
 ParOldGen       total 63488K, used 9621K [0x00000000a0000000, 0x00000000a3e00000, 0x00000000e0000000)
  object space 63488K, 15% used [0x00000000a0000000,0x00000000a0965650,0x00000000a3e00000)
 Metaspace       used 34830K, capacity 35388K, committed 35456K, reserved 1079296K
  class space    used 4979K, capacity 5194K, committed 5248K, reserved 1048576K
Event: 7.642 GC heap after
Heap after GC invocations=10 (full 1):
 PSYoungGen      total 91648K, used 6973K [0x00000000e0000000, 0x00000000e8100000, 0x0000000100000000)
  eden space 79872K, 0% used [0x00000000e0000000,0x00000000e0000000,0x00000000e4e00000)
  from space 11776K, 59% used [0x00000000e4e00000,0x00000000e54cf7e8,0x00000000e5980000)
  to   space 11264K, 0% used [0x00000000e7600000,0x00000000e7600000,0x00000000e8100000)
 ParOldGen       total 63488K, used 11497K [0x00000000a0000000, 0x00000000a3e00000, 0x00000000e0000000)
  object space 63488K, 18% used [0x00000000a0000000,0x00000000a0b3a690,0x00000000a3e00000)
 Metaspace       used 34830K, capacity 35388K, committed 35456K, reserved 1079296K
  class space    used 4979K, capacity 5194K, committed 5248K, reserved 1048576K
}
Event: 7.642 GC heap before
{Heap before GC invocations=11 (full 2):
 PSYoungGen      total 91648K, used 6973K [0x00000000e0000000, 0x00000000e8100000, 0x0000000100000000)
  eden space 79872K, 0% used [0x00000000e0000000,0x00000000e0000000,0x00000000e4e00000)
  from space 11776K, 59% used [0x00000000e4e00000,0x00000000e54cf7e8,0x00000000e5980000)
  to   space 11264K, 0% used [0x00000000e7600000,0x00000000e7600000,0x00000000e8100000)
 ParOldGen       total 63488K, used 11497K [0x00000000a0000000, 0x00000000a3e00000, 0x00000000e0000000)
  object space 63488K, 18% used [0x00000000a0000000,0x00000000a0b3a690,0x00000000a3e00000)
 Metaspace       used 34830K, capacity 35388K, committed 35456K, reserved 1079296K
  class space    used 4979K, capacity 5194K, committed 5248K, reserved 1048576K
Event: 7.746 GC heap after
Heap after GC invocations=11 (full 2):
 PSYoungGen      total 91648K, used 0K [0x00000000e0000000, 0x00000000e8100000, 0x0000000100000000)
  eden space 79872K, 0% used [0x00000000e0000000,0x00000000e0000000,0x00000000e4e00000)
  from space 11776K, 0% used [0x00000000e4e00000,0x00000000e4e00000,0x00000000e5980000)
  to   space 11264K, 0% used [0x00000000e7600000,0x00000000e7600000,0x00000000e8100000)
 ParOldGen       total 63488K, used 15580K [0x00000000a0000000, 0x00000000a3e00000, 0x00000000e0000000)
  object space 63488K, 24% used [0x00000000a0000000,0x00000000a0f370a8,0x00000000a3e00000)
 Metaspace       used 34830K, capacity 35388K, committed 35456K, reserved 1079296K
  class space    used 4979K, capacity 5194K, committed 5248K, reserved 1048576K
}
Event: 9.138 GC heap before
{Heap before GC invocations=12 (full 2):
 PSYoungGen      total 91648K, used 79872K [0x00000000e0000000, 0x00000000e8100000, 0x0000000100000000)
  eden space 79872K, 100% used [0x00000000e0000000,0x00000000e4e00000,0x00000000e4e00000)
  from space 11776K, 0% used [0x00000000e4e00000,0x00000000e4e00000,0x00000000e5980000)
  to   space 11264K, 0% used [0x00000000e7600000,0x00000000e7600000,0x00000000e8100000)
 ParOldGen       total 63488K, used 15580K [0x00000000a0000000, 0x00000000a3e00000, 0x00000000e0000000)
  object space 63488K, 24% used [0x00000000a0000000,0x00000000a0f370a8,0x00000000a3e00000)
 Metaspace       used 41870K, capacity 42672K, committed 42880K, reserved 1085440K
  class space    used 5899K, capacity 6197K, committed 6272K, reserved 1048576K
Event: 9.151 GC heap after
Heap after GC invocations=12 (full 2):
 PSYoungGen      total 109568K, used 11260K [0x00000000e0000000, 0x00000000e8100000, 0x0000000100000000)
  eden space 98304K, 0% used [0x00000000e0000000,0x00000000e0000000,0x00000000e6000000)
  from space 11264K, 99% used [0x00000000e7600000,0x00000000e80ff180,0x00000000e8100000)
  to   space 12288K, 0% used [0x00000000e6900000,0x00000000e6900000,0x00000000e7500000)
 ParOldGen       total 63488K, used 15611K [0x00000000a0000000, 0x00000000a3e00000, 0x00000000e0000000)
  object space 63488K, 24% used [0x00000000a0000000,0x00000000a0f3ed48,0x00000000a3e00000)
 Metaspace       used 41870K, capacity 42672K, committed 42880K, reserved 1085440K
  class space    used 5899K, capacity 6197K, committed 6272K, reserved 1048576K
}
Event: 10.920 GC heap before
{Heap before GC invocations=13 (full 2):
 PSYoungGen      total 109568K, used 109564K [0x00000000e0000000, 0x00000000e8100000, 0x0000000100000000)
  eden space 98304K, 100% used [0x00000000e0000000,0x00000000e6000000,0x00000000e6000000)
  from space 11264K, 99% used [0x00000000e7600000,0x00000000e80ff180,0x00000000e8100000)
  to   space 12288K, 0% used [0x00000000e6900000,0x00000000e6900000,0x00000000e7500000)
 ParOldGen       total 63488K, used 15611K [0x00000000a0000000, 0x00000000a3e00000, 0x00000000e0000000)
  object space 63488K, 24% used [0x00000000a0000000,0x00000000a0f3ed48,0x00000000a3e00000)
 Metaspace       used 51624K, capacity 53100K, committed 53248K, reserved 1097728K
  class space    used 7313K, capacity 7669K, committed 7680K, reserved 1048576K
Event: 10.941 GC heap after
Heap after GC invocations=13 (full 2):
 PSYoungGen      total 119808K, used 8914K [0x00000000e0000000, 0x00000000e8d80000, 0x0000000100000000)
  eden space 107520K, 0% used [0x00000000e0000000,0x00000000e0000000,0x00000000e6900000)
  from space 12288K, 72% used [0x00000000e6900000,0x00000000e71b4988,0x00000000e7500000)
  to   space 12288K, 0% used [0x00000000e8180000,0x00000000e8180000,0x00000000e8d80000)
 ParOldGen       total 63488K, used 21803K [0x00000000a0000000, 0x00000000a3e00000, 0x00000000e0000000)
  object space 63488K, 34% used [0x00000000a0000000,0x00000000a154ac80,0x00000000a3e00000)
 Metaspace       used 51624K, capacity 53100K, committed 53248K, reserved 1097728K
  class space    used 7313K, capacity 7669K, committed 7680K, reserved 1048576K
}

