# JRE version: Java(TM) SE Runtime Environment (8.0_202-b08) (build 1.8.0_202-b08)
# Java VM: Java HotSpot(TM) 64-Bit Server VM (25.202-b08 mixed mode windows-amd64 compressed oops)
Heap:
 PSYoungGen      total 224256K, used 126735K [0x00000000e0000000, 0x00000000ef880000, 0x0000000100000000)
  eden space 203776K, 52% used [0x00000000e0000000,0x00000000e67c40c0,0x00000000ec700000)
  from space 20480K, 99% used [0x00000000ee480000,0x00000000ef87ff10,0x00000000ef880000)
  to   space 24064K, 0% used [0x00000000ec980000,0x00000000ec980000,0x00000000ee100000)
 ParOldGen       total 142336K, used 37888K [0x00000000a0000000, 0x00000000a8b00000, 0x00000000e0000000)
  object space 142336K, 26% used [0x00000000a0000000,0x00000000a25002f0,0x00000000a8b00000)
 Metaspace       used 75954K, capacity 79064K, committed 79232K, reserved 1118208K
  class space    used 10435K, capacity 11090K, committed 11136K, reserved 1048576K
GC Heap History (10 events):
Event: 3.515 GC heap before
{Heap before GC invocations=9 (full 2):
 PSYoungGen      total 141312K, used 10726K [0x00000000e0000000, 0x00000000ec580000, 0x0000000100000000)
  eden space 130560K, 0% used [0x00000000e0000000,0x00000000e0000000,0x00000000e7f80000)
  from space 10752K, 99% used [0x00000000e7f80000,0x00000000e89f9ae0,0x00000000e8a00000)
  to   space 13312K, 0% used [0x00000000eb880000,0x00000000eb880000,0x00000000ec580000)
 ParOldGen       total 60416K, used 11747K [0x00000000a0000000, 0x00000000a3b00000, 0x00000000e0000000)
  object space 60416K, 19% used [0x00000000a0000000,0x00000000a0b78d70,0x00000000a3b00000)
 Metaspace       used 34835K, capacity 35388K, committed 35456K, reserved 1079296K
  class space    used 4982K, capacity 5194K, committed 5248K, reserved 1048576K
Event: 3.559 GC heap after
Heap after GC invocations=9 (full 2):
 PSYoungGen      total 141312K, used 0K [0x00000000e0000000, 0x00000000ec580000, 0x0000000100000000)
  eden space 130560K, 0% used [0x00000000e0000000,0x00000000e0000000,0x00000000e7f80000)
  from space 10752K, 0% used [0x00000000e7f80000,0x00000000e7f80000,0x00000000e8a00000)
  to   space 13312K, 0% used [0x00000000eb880000,0x00000000eb880000,0x00000000ec580000)
 ParOldGen       total 95744K, used 19429K [0x00000000a0000000, 0x00000000a5d80000, 0x00000000e0000000)
  object space 95744K, 20% used [0x00000000a0000000,0x00000000a12f9428,0x00000000a5d80000)
 Metaspace       used 34835K, capacity 35388K, committed 35456K, reserved 1079296K
  class space    used 4982K, capacity 5194K, committed 5248K, reserved 1048576K
}
Event: 4.859 GC heap before
{Heap before GC invocations=10 (full 2):
 PSYoungGen      total 141312K, used 130560K [0x00000000e0000000, 0x00000000ec580000, 0x0000000100000000)
  eden space 130560K, 100% used [0x00000000e0000000,0x00000000e7f80000,0x00000000e7f80000)
  from space 10752K, 0% used [0x00000000e7f80000,0x00000000e7f80000,0x00000000e8a00000)
  to   space 13312K, 0% used [0x00000000eb880000,0x00000000eb880000,0x00000000ec580000)
 ParOldGen       total 95744K, used 19429K [0x00000000a0000000, 0x00000000a5d80000, 0x00000000e0000000)
  object space 95744K, 20% used [0x00000000a0000000,0x00000000a12f9428,0x00000000a5d80000)
 Metaspace       used 47035K, capacity 47908K, committed 48128K, reserved 1091584K
  class space    used 6580K, capacity 6895K, committed 6912K, reserved 1048576K
Event: 4.871 GC heap after
Heap after GC invocations=10 (full 2):
 PSYoungGen      total 186368K, used 13304K [0x00000000e0000000, 0x00000000ed200000, 0x0000000100000000)
  eden space 173056K, 0% used [0x00000000e0000000,0x00000000e0000000,0x00000000ea900000)
  from space 13312K, 99% used [0x00000000eb880000,0x00000000ec57e138,0x00000000ec580000)
  to   space 15872K, 0% used [0x00000000ea900000,0x00000000ea900000,0x00000000eb880000)
 ParOldGen       total 95744K, used 21179K [0x00000000a0000000, 0x00000000a5d80000, 0x00000000e0000000)
  object space 95744K, 22% used [0x00000000a0000000,0x00000000a14aed30,0x00000000a5d80000)
 Metaspace       used 47035K, capacity 47908K, committed 48128K, reserved 1091584K
  class space    used 6580K, capacity 6895K, committed 6912K, reserved 1048576K
}
Event: 6.714 GC heap before
{Heap before GC invocations=11 (full 2):
 PSYoungGen      total 186368K, used 174563K [0x00000000e0000000, 0x00000000ed200000, 0x0000000100000000)
  eden space 173056K, 93% used [0x00000000e0000000,0x00000000e9d7adb0,0x00000000ea900000)
  from space 13312K, 99% used [0x00000000eb880000,0x00000000ec57e138,0x00000000ec580000)
  to   space 15872K, 0% used [0x00000000ea900000,0x00000000ea900000,0x00000000eb880000)
 ParOldGen       total 95744K, used 21179K [0x00000000a0000000, 0x00000000a5d80000, 0x00000000e0000000)
  object space 95744K, 22% used [0x00000000a0000000,0x00000000a14aed30,0x00000000a5d80000)
 Metaspace       used 57308K, capacity 58940K, committed 59096K, reserved 1099776K
  class space    used 8098K, capacity 8495K, committed 8576K, reserved 1048576K
Event: 6.734 GC heap after
Heap after GC invocations=11 (full 2):
 PSYoungGen      total 188928K, used 15853K [0x00000000e0000000, 0x00000000ef880000, 0x0000000100000000)
  eden space 173056K, 0% used [0x00000000e0000000,0x00000000e0000000,0x00000000ea900000)
  from space 15872K, 99% used [0x00000000ea900000,0x00000000eb87b7f0,0x00000000eb880000)
  to   space 20480K, 0% used [0x00000000ee480000,0x00000000ee480000,0x00000000ef880000)
 ParOldGen       total 95744K, used 27684K [0x00000000a0000000, 0x00000000a5d80000, 0x00000000e0000000)
  object space 95744K, 28% used [0x00000000a0000000,0x00000000a1b09130,0x00000000a5d80000)
 Metaspace       used 57308K, capacity 58940K, committed 59096K, reserved 1099776K
  class space    used 8098K, capacity 8495K, committed 8576K, reserved 1048576K
}
Event: 6.734 GC heap before
{Heap before GC invocations=12 (full 3):
 PSYoungGen      total 188928K, used 15853K [0x00000000e0000000, 0x00000000ef880000, 0x0000000100000000)
  eden space 173056K, 0% used [0x00000000e0000000,0x00000000e0000000,0x00000000ea900000)
  from space 15872K, 99% used [0x00000000ea900000,0x00000000eb87b7f0,0x00000000eb880000)
  to   space 20480K, 0% used [0x00000000ee480000,0x00000000ee480000,0x00000000ef880000)
 ParOldGen       total 95744K, used 27684K [0x00000000a0000000, 0x00000000a5d80000, 0x00000000e0000000)
  object space 95744K, 28% used [0x00000000a0000000,0x00000000a1b09130,0x00000000a5d80000)
 Metaspace       used 57308K, capacity 58940K, committed 59096K, reserved 1099776K
  class space    used 8098K, capacity 8495K, committed 8576K, reserved 1048576K
Event: 6.863 GC heap after
Heap after GC invocations=12 (full 3):
 PSYoungGen      total 188928K, used 0K [0x00000000e0000000, 0x00000000ef880000, 0x0000000100000000)
  eden space 173056K, 0% used [0x00000000e0000000,0x00000000e0000000,0x00000000ea900000)
  from space 15872K, 0% used [0x00000000ea900000,0x00000000ea900000,0x00000000eb880000)
  to   space 20480K, 0% used [0x00000000ee480000,0x00000000ee480000,0x00000000ef880000)
 ParOldGen       total 142336K, used 35610K [0x00000000a0000000, 0x00000000a8b00000, 0x00000000e0000000)
  object space 142336K, 25% used [0x00000000a0000000,0x00000000a22c6908,0x00000000a8b00000)
 Metaspace       used 57308K, capacity 58940K, committed 59096K, reserved 1099776K
  class space    used 8098K, capacity 8495K, committed 8576K, reserved 1048576K
}
Event: 10.397 GC heap before
{Heap before GC invocations=13 (full 3):
 PSYoungGen      total 188928K, used 173056K [0x00000000e0000000, 0x00000000ef880000, 0x0000000100000000)
  eden space 173056K, 100% used [0x00000000e0000000,0x00000000ea900000,0x00000000ea900000)
  from space 15872K, 0% used [0x00000000ea900000,0x00000000ea900000,0x00000000eb880000)
  to   space 20480K, 0% used [0x00000000ee480000,0x00000000ee480000,0x00000000ef880000)
 ParOldGen       total 142336K, used 35610K [0x00000000a0000000, 0x00000000a8b00000, 0x00000000e0000000)
  object space 142336K, 25% used [0x00000000a0000000,0x00000000a22c6908,0x00000000a8b00000)
 Metaspace       used 70876K, capacity 73704K, committed 73728K, reserved 1112064K
  class space    used 9880K, capacity 10488K, committed 10496K, reserved 1048576K
Event: 10.415 GC heap after
Heap after GC invocations=13 (full 3):
 PSYoungGen      total 224256K, used 20479K [0x00000000e0000000, 0x00000000ef880000, 0x0000000100000000)
  eden space 203776K, 0% used [0x00000000e0000000,0x00000000e0000000,0x00000000ec700000)
  from space 20480K, 99% used [0x00000000ee480000,0x00000000ef87ff10,0x00000000ef880000)
  to   space 24064K, 0% used [0x00000000ec980000,0x00000000ec980000,0x00000000ee100000)
 ParOldGen       total 142336K, used 37888K [0x00000000a0000000, 0x00000000a8b00000, 0x00000000e0000000)
  object space 142336K, 26% used [0x00000000a0000000,0x00000000a25002f0,0x00000000a8b00000)
 Metaspace       used 70876K, capacity 73704K, committed 73728K, reserved 1112064K
  class space    used 9880K, capacity 10488K, committed 10496K, reserved 1048576K
}

