# JRE version: Java(TM) SE Runtime Environment (8.0_202-b08) (build 1.8.0_202-b08)
# Java VM: Java HotSpot(TM) 64-Bit Server VM (25.202-b08 mixed mode windows-amd64 compressed oops)
Heap:
 PSYoungGen      total 117760K, used 11233K [0x00000000e0000000, 0x00000000e9480000, 0x0000000100000000)
  eden space 107008K, 10% used [0x00000000e0000000,0x00000000e0af8578,0x00000000e6880000)
  from space 10752K, 0% used [0x00000000e7f80000,0x00000000e7f80000,0x00000000e8a00000)
  to   space 7680K, 0% used [0x00000000e8d00000,0x00000000e8d00000,0x00000000e9480000)
 ParOldGen       total 96256K, used 19449K [0x00000000a0000000, 0x00000000a5e00000, 0x00000000e0000000)
  object space 96256K, 20% used [0x00000000a0000000,0x00000000a12fe660,0x00000000a5e00000)
 Metaspace       used 36538K, capacity 37160K, committed 37504K, reserved 1081344K
  class space    used 5155K, capacity 5400K, committed 5504K, reserved 1048576K
GC Heap History (10 events):
Event: 2.203 GC heap before
{Heap before GC invocations=5 (full 0):
 PSYoungGen      total 71680K, used 37268K [0x00000000e0000000, 0x00000000e4b00000, 0x0000000100000000)
  eden space 66560K, 48% used [0x00000000e0000000,0x00000000e1f6d0d8,0x00000000e4100000)
  from space 5120K, 99% used [0x00000000e4600000,0x00000000e4af8040,0x00000000e4b00000)
  to   space 5120K, 0% used [0x00000000e4100000,0x00000000e4100000,0x00000000e4600000)
 ParOldGen       total 87552K, used 5299K [0x00000000a0000000, 0x00000000a5580000, 0x00000000e0000000)
  object space 87552K, 6% used [0x00000000a0000000,0x00000000a052cc20,0x00000000a5580000)
 Metaspace       used 20758K, capacity 21212K, committed 21296K, reserved 1067008K
  class space    used 2979K, capacity 3182K, committed 3200K, reserved 1048576K
Event: 2.211 GC heap after
Heap after GC invocations=5 (full 0):
 PSYoungGen      total 71680K, used 5088K [0x00000000e0000000, 0x00000000e9800000, 0x0000000100000000)
  eden space 66560K, 0% used [0x00000000e0000000,0x00000000e0000000,0x00000000e4100000)
  from space 5120K, 99% used [0x00000000e4100000,0x00000000e45f8020,0x00000000e4600000)
  to   space 11264K, 0% used [0x00000000e8d00000,0x00000000e8d00000,0x00000000e9800000)
 ParOldGen       total 87552K, used 9609K [0x00000000a0000000, 0x00000000a5580000, 0x00000000e0000000)
  object space 87552K, 10% used [0x00000000a0000000,0x00000000a09626f8,0x00000000a5580000)
 Metaspace       used 20758K, capacity 21212K, committed 21296K, reserved 1067008K
  class space    used 2979K, capacity 3182K, committed 3200K, reserved 1048576K
}
Event: 2.211 GC heap before
{Heap before GC invocations=6 (full 1):
 PSYoungGen      total 71680K, used 5088K [0x00000000e0000000, 0x00000000e9800000, 0x0000000100000000)
  eden space 66560K, 0% used [0x00000000e0000000,0x00000000e0000000,0x00000000e4100000)
  from space 5120K, 99% used [0x00000000e4100000,0x00000000e45f8020,0x00000000e4600000)
  to   space 11264K, 0% used [0x00000000e8d00000,0x00000000e8d00000,0x00000000e9800000)
 ParOldGen       total 87552K, used 9609K [0x00000000a0000000, 0x00000000a5580000, 0x00000000e0000000)
  object space 87552K, 10% used [0x00000000a0000000,0x00000000a09626f8,0x00000000a5580000)
 Metaspace       used 20758K, capacity 21212K, committed 21296K, reserved 1067008K
  class space    used 2979K, capacity 3182K, committed 3200K, reserved 1048576K
Event: 2.236 GC heap after
Heap after GC invocations=6 (full 1):
 PSYoungGen      total 71680K, used 0K [0x00000000e0000000, 0x00000000e9800000, 0x0000000100000000)
  eden space 66560K, 0% used [0x00000000e0000000,0x00000000e0000000,0x00000000e4100000)
  from space 5120K, 0% used [0x00000000e4100000,0x00000000e4100000,0x00000000e4600000)
  to   space 11264K, 0% used [0x00000000e8d00000,0x00000000e8d00000,0x00000000e9800000)
 ParOldGen       total 60928K, used 9598K [0x00000000a0000000, 0x00000000a3b80000, 0x00000000e0000000)
  object space 60928K, 15% used [0x00000000a0000000,0x00000000a095f828,0x00000000a3b80000)
 Metaspace       used 20758K, capacity 21212K, committed 21296K, reserved 1067008K
  class space    used 2979K, capacity 3182K, committed 3200K, reserved 1048576K
}
Event: 2.796 GC heap before
{Heap before GC invocations=7 (full 1):
 PSYoungGen      total 71680K, used 66560K [0x00000000e0000000, 0x00000000e9800000, 0x0000000100000000)
  eden space 66560K, 100% used [0x00000000e0000000,0x00000000e4100000,0x00000000e4100000)
  from space 5120K, 0% used [0x00000000e4100000,0x00000000e4100000,0x00000000e4600000)
  to   space 11264K, 0% used [0x00000000e8d00000,0x00000000e8d00000,0x00000000e9800000)
 ParOldGen       total 60928K, used 9598K [0x00000000a0000000, 0x00000000a3b80000, 0x00000000e0000000)
  object space 60928K, 15% used [0x00000000a0000000,0x00000000a095f828,0x00000000a3b80000)
 Metaspace       used 27395K, capacity 27882K, committed 28160K, reserved 1073152K
  class space    used 3849K, capacity 4033K, committed 4096K, reserved 1048576K
Event: 2.802 GC heap after
Heap after GC invocations=7 (full 1):
 PSYoungGen      total 114688K, used 7219K [0x00000000e0000000, 0x00000000e9480000, 0x0000000100000000)
  eden space 107008K, 0% used [0x00000000e0000000,0x00000000e0000000,0x00000000e6880000)
  from space 7680K, 94% used [0x00000000e8d00000,0x00000000e940cf80,0x00000000e9480000)
  to   space 10752K, 0% used [0x00000000e7f80000,0x00000000e7f80000,0x00000000e8a00000)
 ParOldGen       total 60928K, used 9606K [0x00000000a0000000, 0x00000000a3b80000, 0x00000000e0000000)
  object space 60928K, 15% used [0x00000000a0000000,0x00000000a0961828,0x00000000a3b80000)
 Metaspace       used 27395K, capacity 27882K, committed 28160K, reserved 1073152K
  class space    used 3849K, capacity 4033K, committed 4096K, reserved 1048576K
}
Event: 3.633 GC heap before
{Heap before GC invocations=8 (full 1):
 PSYoungGen      total 114688K, used 104246K [0x00000000e0000000, 0x00000000e9480000, 0x0000000100000000)
  eden space 107008K, 90% used [0x00000000e0000000,0x00000000e5ec08c0,0x00000000e6880000)
  from space 7680K, 94% used [0x00000000e8d00000,0x00000000e940cf80,0x00000000e9480000)
  to   space 10752K, 0% used [0x00000000e7f80000,0x00000000e7f80000,0x00000000e8a00000)
 ParOldGen       total 60928K, used 9606K [0x00000000a0000000, 0x00000000a3b80000, 0x00000000e0000000)
  object space 60928K, 15% used [0x00000000a0000000,0x00000000a0961828,0x00000000a3b80000)
 Metaspace       used 34833K, capacity 35388K, committed 35456K, reserved 1079296K
  class space    used 4975K, capacity 5194K, committed 5248K, reserved 1048576K
Event: 3.643 GC heap after
Heap after GC invocations=8 (full 1):
 PSYoungGen      total 117760K, used 10743K [0x00000000e0000000, 0x00000000e9480000, 0x0000000100000000)
  eden space 107008K, 0% used [0x00000000e0000000,0x00000000e0000000,0x00000000e6880000)
  from space 10752K, 99% used [0x00000000e7f80000,0x00000000e89fdcc8,0x00000000e8a00000)
  to   space 7680K, 0% used [0x00000000e8d00000,0x00000000e8d00000,0x00000000e9480000)
 ParOldGen       total 60928K, used 11786K [0x00000000a0000000, 0x00000000a3b80000, 0x00000000e0000000)
  object space 60928K, 19% used [0x00000000a0000000,0x00000000a0b82b18,0x00000000a3b80000)
 Metaspace       used 34833K, capacity 35388K, committed 35456K, reserved 1079296K
  class space    used 4975K, capacity 5194K, committed 5248K, reserved 1048576K
}
Event: 3.643 GC heap before
{Heap before GC invocations=9 (full 2):
 PSYoungGen      total 117760K, used 10743K [0x00000000e0000000, 0x00000000e9480000, 0x0000000100000000)
  eden space 107008K, 0% used [0x00000000e0000000,0x00000000e0000000,0x00000000e6880000)
  from space 10752K, 99% used [0x00000000e7f80000,0x00000000e89fdcc8,0x00000000e8a00000)
  to   space 7680K, 0% used [0x00000000e8d00000,0x00000000e8d00000,0x00000000e9480000)
 ParOldGen       total 60928K, used 11786K [0x00000000a0000000, 0x00000000a3b80000, 0x00000000e0000000)
  object space 60928K, 19% used [0x00000000a0000000,0x00000000a0b82b18,0x00000000a3b80000)
 Metaspace       used 34833K, capacity 35388K, committed 35456K, reserved 1079296K
  class space    used 4975K, capacity 5194K, committed 5248K, reserved 1048576K
Event: 3.688 GC heap after
Heap after GC invocations=9 (full 2):
 PSYoungGen      total 117760K, used 0K [0x00000000e0000000, 0x00000000e9480000, 0x0000000100000000)
  eden space 107008K, 0% used [0x00000000e0000000,0x00000000e0000000,0x00000000e6880000)
  from space 10752K, 0% used [0x00000000e7f80000,0x00000000e7f80000,0x00000000e8a00000)
  to   space 7680K, 0% used [0x00000000e8d00000,0x00000000e8d00000,0x00000000e9480000)
 ParOldGen       total 96256K, used 19449K [0x00000000a0000000, 0x00000000a5e00000, 0x00000000e0000000)
  object space 96256K, 20% used [0x00000000a0000000,0x00000000a12fe660,0x00000000a5e00000)
 Metaspace       used 34833K, capacity 35388K, committed 35456K, reserved 1079296K
  class space    used 4975K, capacity 5194K, committed 5248K, reserved 1048576K
}

