# JRE version: Java(TM) SE Runtime Environment (8.0_202-b08) (build 1.8.0_202-b08)
# Java VM: Java HotSpot(TM) 64-Bit Server VM (25.202-b08 mixed mode windows-amd64 compressed oops)
Heap:
 PSYoungGen      total 71168K, used 54867K [0x00000000e0000000, 0x00000000e6b80000, 0x0000000100000000)
  eden space 59904K, 80% used [0x00000000e0000000,0x00000000e2ed1528,0x00000000e3a80000)
  from space 11264K, 61% used [0x00000000e3a80000,0x00000000e4143a68,0x00000000e4580000)
  to   space 10752K, 0% used [0x00000000e6100000,0x00000000e6100000,0x00000000e6b80000)
 ParOldGen       total 61440K, used 9613K [0x00000000a0000000, 0x00000000a3c00000, 0x00000000e0000000)
  object space 61440K, 15% used [0x00000000a0000000,0x00000000a0963658,0x00000000a3c00000)
 Metaspace       used 30896K, capacity 31368K, committed 31616K, reserved 1077248K
  class space    used 4413K, capacity 4617K, committed 4736K, reserved 1048576K
GC Heap History (10 events):
Event: 1.931 GC heap before
{Heap before GC invocations=4 (full 0):
 PSYoungGen      total 38400K, used 38377K [0x00000000e0000000, 0x00000000e2a80000, 0x0000000100000000)
  eden space 33280K, 100% used [0x00000000e0000000,0x00000000e2080000,0x00000000e2080000)
  from space 5120K, 99% used [0x00000000e2080000,0x00000000e257a568,0x00000000e2580000)
  to   space 5120K, 0% used [0x00000000e2580000,0x00000000e2580000,0x00000000e2a80000)
 ParOldGen       total 87552K, used 2170K [0x00000000a0000000, 0x00000000a5580000, 0x00000000e0000000)
  object space 87552K, 2% used [0x00000000a0000000,0x00000000a021ea60,0x00000000a5580000)
 Metaspace       used 16682K, capacity 17002K, committed 17280K, reserved 1064960K
  class space    used 2473K, capacity 2647K, committed 2688K, reserved 1048576K
Event: 1.941 GC heap after
Heap after GC invocations=4 (full 0):
 PSYoungGen      total 38400K, used 5104K [0x00000000e0000000, 0x00000000e4b00000, 0x0000000100000000)
  eden space 33280K, 0% used [0x00000000e0000000,0x00000000e0000000,0x00000000e2080000)
  from space 5120K, 99% used [0x00000000e2580000,0x00000000e2a7c010,0x00000000e2a80000)
  to   space 5120K, 0% used [0x00000000e2080000,0x00000000e2080000,0x00000000e2580000)
 ParOldGen       total 87552K, used 5349K [0x00000000a0000000, 0x00000000a5580000, 0x00000000e0000000)
  object space 87552K, 6% used [0x00000000a0000000,0x00000000a0539540,0x00000000a5580000)
 Metaspace       used 16682K, capacity 17002K, committed 17280K, reserved 1064960K
  class space    used 2473K, capacity 2647K, committed 2688K, reserved 1048576K
}
Event: 2.233 GC heap before
{Heap before GC invocations=5 (full 0):
 PSYoungGen      total 38400K, used 37168K [0x00000000e0000000, 0x00000000e4b00000, 0x0000000100000000)
  eden space 33280K, 96% used [0x00000000e0000000,0x00000000e1f502b0,0x00000000e2080000)
  from space 5120K, 99% used [0x00000000e2580000,0x00000000e2a7c010,0x00000000e2a80000)
  to   space 5120K, 0% used [0x00000000e2080000,0x00000000e2080000,0x00000000e2580000)
 ParOldGen       total 87552K, used 5349K [0x00000000a0000000, 0x00000000a5580000, 0x00000000e0000000)
  object space 87552K, 6% used [0x00000000a0000000,0x00000000a0539540,0x00000000a5580000)
 Metaspace       used 20760K, capacity 21212K, committed 21296K, reserved 1067008K
  class space    used 2980K, capacity 3182K, committed 3200K, reserved 1048576K
Event: 2.239 GC heap after
Heap after GC invocations=5 (full 0):
 PSYoungGen      total 38400K, used 5104K [0x00000000e0000000, 0x00000000e5700000, 0x0000000100000000)
  eden space 33280K, 0% used [0x00000000e0000000,0x00000000e0000000,0x00000000e2080000)
  from space 5120K, 99% used [0x00000000e2080000,0x00000000e257c030,0x00000000e2580000)
  to   space 11264K, 0% used [0x00000000e4c00000,0x00000000e4c00000,0x00000000e5700000)
 ParOldGen       total 87552K, used 9645K [0x00000000a0000000, 0x00000000a5580000, 0x00000000e0000000)
  object space 87552K, 11% used [0x00000000a0000000,0x00000000a096b600,0x00000000a5580000)
 Metaspace       used 20760K, capacity 21212K, committed 21296K, reserved 1067008K
  class space    used 2980K, capacity 3182K, committed 3200K, reserved 1048576K
}
Event: 2.239 GC heap before
{Heap before GC invocations=6 (full 1):
 PSYoungGen      total 38400K, used 5104K [0x00000000e0000000, 0x00000000e5700000, 0x0000000100000000)
  eden space 33280K, 0% used [0x00000000e0000000,0x00000000e0000000,0x00000000e2080000)
  from space 5120K, 99% used [0x00000000e2080000,0x00000000e257c030,0x00000000e2580000)
  to   space 11264K, 0% used [0x00000000e4c00000,0x00000000e4c00000,0x00000000e5700000)
 ParOldGen       total 87552K, used 9645K [0x00000000a0000000, 0x00000000a5580000, 0x00000000e0000000)
  object space 87552K, 11% used [0x00000000a0000000,0x00000000a096b600,0x00000000a5580000)
 Metaspace       used 20760K, capacity 21212K, committed 21296K, reserved 1067008K
  class space    used 2980K, capacity 3182K, committed 3200K, reserved 1048576K
Event: 2.262 GC heap after
Heap after GC invocations=6 (full 1):
 PSYoungGen      total 38400K, used 0K [0x00000000e0000000, 0x00000000e5700000, 0x0000000100000000)
  eden space 33280K, 0% used [0x00000000e0000000,0x00000000e0000000,0x00000000e2080000)
  from space 5120K, 0% used [0x00000000e2080000,0x00000000e2080000,0x00000000e2580000)
  to   space 11264K, 0% used [0x00000000e4c00000,0x00000000e4c00000,0x00000000e5700000)
 ParOldGen       total 61440K, used 9597K [0x00000000a0000000, 0x00000000a3c00000, 0x00000000e0000000)
  object space 61440K, 15% used [0x00000000a0000000,0x00000000a095f658,0x00000000a3c00000)
 Metaspace       used 20760K, capacity 21212K, committed 21296K, reserved 1067008K
  class space    used 2980K, capacity 3182K, committed 3200K, reserved 1048576K
}
Event: 2.538 GC heap before
{Heap before GC invocations=7 (full 1):
 PSYoungGen      total 38400K, used 33280K [0x00000000e0000000, 0x00000000e5700000, 0x0000000100000000)
  eden space 33280K, 100% used [0x00000000e0000000,0x00000000e2080000,0x00000000e2080000)
  from space 5120K, 0% used [0x00000000e2080000,0x00000000e2080000,0x00000000e2580000)
  to   space 11264K, 0% used [0x00000000e4c00000,0x00000000e4c00000,0x00000000e5700000)
 ParOldGen       total 61440K, used 9597K [0x00000000a0000000, 0x00000000a3c00000, 0x00000000e0000000)
  object space 61440K, 15% used [0x00000000a0000000,0x00000000a095f658,0x00000000a3c00000)
 Metaspace       used 24838K, capacity 25286K, committed 25472K, reserved 1071104K
  class space    used 3504K, capacity 3702K, committed 3712K, reserved 1048576K
Event: 2.543 GC heap after
Heap after GC invocations=7 (full 1):
 PSYoungGen      total 58880K, used 4098K [0x00000000e0000000, 0x00000000e5080000, 0x0000000100000000)
  eden space 54272K, 0% used [0x00000000e0000000,0x00000000e0000000,0x00000000e3500000)
  from space 4608K, 88% used [0x00000000e4c00000,0x00000000e50008e0,0x00000000e5080000)
  to   space 11264K, 0% used [0x00000000e3a80000,0x00000000e3a80000,0x00000000e4580000)
 ParOldGen       total 61440K, used 9605K [0x00000000a0000000, 0x00000000a3c00000, 0x00000000e0000000)
  object space 61440K, 15% used [0x00000000a0000000,0x00000000a0961658,0x00000000a3c00000)
 Metaspace       used 24838K, capacity 25286K, committed 25472K, reserved 1071104K
  class space    used 3504K, capacity 3702K, committed 3712K, reserved 1048576K
}
Event: 2.946 GC heap before
{Heap before GC invocations=8 (full 1):
 PSYoungGen      total 58880K, used 58370K [0x00000000e0000000, 0x00000000e5080000, 0x0000000100000000)
  eden space 54272K, 100% used [0x00000000e0000000,0x00000000e3500000,0x00000000e3500000)
  from space 4608K, 88% used [0x00000000e4c00000,0x00000000e50008e0,0x00000000e5080000)
  to   space 11264K, 0% used [0x00000000e3a80000,0x00000000e3a80000,0x00000000e4580000)
 ParOldGen       total 61440K, used 9605K [0x00000000a0000000, 0x00000000a3c00000, 0x00000000e0000000)
  object space 61440K, 15% used [0x00000000a0000000,0x00000000a0961658,0x00000000a3c00000)
 Metaspace       used 28597K, capacity 29078K, committed 29184K, reserved 1075200K
  class space    used 4062K, capacity 4260K, committed 4352K, reserved 1048576K
Event: 2.954 GC heap after
Heap after GC invocations=8 (full 1):
 PSYoungGen      total 71168K, used 6926K [0x00000000e0000000, 0x00000000e6b80000, 0x0000000100000000)
  eden space 59904K, 0% used [0x00000000e0000000,0x00000000e0000000,0x00000000e3a80000)
  from space 11264K, 61% used [0x00000000e3a80000,0x00000000e4143a68,0x00000000e4580000)
  to   space 10752K, 0% used [0x00000000e6100000,0x00000000e6100000,0x00000000e6b80000)
 ParOldGen       total 61440K, used 9613K [0x00000000a0000000, 0x00000000a3c00000, 0x00000000e0000000)
  object space 61440K, 15% used [0x00000000a0000000,0x00000000a0963658,0x00000000a3c00000)
 Metaspace       used 28597K, capacity 29078K, committed 29184K, reserved 1075200K
  class space    used 4062K, capacity 4260K, committed 4352K, reserved 1048576K
}

