# JRE version: Java(TM) SE Runtime Environment (8.0_202-b08) (build 1.8.0_202-b08)
# Java VM: Java HotSpot(TM) 64-Bit Server VM (25.202-b08 mixed mode windows-amd64 compressed oops)
Heap:
 PSYoungGen      total 138240K, used 81557K [0x00000000e0000000, 0x00000000e8c00000, 0x0000000100000000)
  eden space 133120K, 57% used [0x00000000e0000000,0x00000000e4aabfe0,0x00000000e8200000)
  from space 5120K, 99% used [0x00000000e8200000,0x00000000e86f97a0,0x00000000e8700000)
  to   space 5120K, 0% used [0x00000000e8700000,0x00000000e8700000,0x00000000e8c00000)
 ParOldGen       total 62464K, used 26474K [0x00000000a0000000, 0x00000000a3d00000, 0x00000000e0000000)
  object space 62464K, 42% used [0x00000000a0000000,0x00000000a19da9a8,0x00000000a3d00000)
 Metaspace       used 54033K, capacity 55558K, committed 55680K, reserved 1097728K
  class space    used 7670K, capacity 8056K, committed 8064K, reserved 1048576K
GC Heap History (10 events):
Event: 2.731 GC heap before
{Heap before GC invocations=5 (full 1):
 PSYoungGen      total 138240K, used 5104K [0x00000000e0000000, 0x00000000e8c00000, 0x0000000100000000)
  eden space 133120K, 0% used [0x00000000e0000000,0x00000000e0000000,0x00000000e8200000)
  from space 5120K, 99% used [0x00000000e8700000,0x00000000e8bfc030,0x00000000e8c00000)
  to   space 5120K, 0% used [0x00000000e8200000,0x00000000e8200000,0x00000000e8700000)
 ParOldGen       total 87552K, used 10215K [0x00000000a0000000, 0x00000000a5580000, 0x00000000e0000000)
  object space 87552K, 11% used [0x00000000a0000000,0x00000000a09f9f10,0x00000000a5580000)
 Metaspace       used 20756K, capacity 21212K, committed 21296K, reserved 1067008K
  class space    used 2981K, capacity 3182K, committed 3200K, reserved 1048576K
Event: 2.767 GC heap after
Heap after GC invocations=5 (full 1):
 PSYoungGen      total 138240K, used 0K [0x00000000e0000000, 0x00000000e8c00000, 0x0000000100000000)
  eden space 133120K, 0% used [0x00000000e0000000,0x00000000e0000000,0x00000000e8200000)
  from space 5120K, 0% used [0x00000000e8700000,0x00000000e8700000,0x00000000e8c00000)
  to   space 5120K, 0% used [0x00000000e8200000,0x00000000e8200000,0x00000000e8700000)
 ParOldGen       total 62464K, used 9861K [0x00000000a0000000, 0x00000000a3d00000, 0x00000000e0000000)
  object space 62464K, 15% used [0x00000000a0000000,0x00000000a09a1498,0x00000000a3d00000)
 Metaspace       used 20756K, capacity 21212K, committed 21296K, reserved 1067008K
  class space    used 2981K, capacity 3182K, committed 3200K, reserved 1048576K
}
Event: 4.099 GC heap before
{Heap before GC invocations=6 (full 1):
 PSYoungGen      total 138240K, used 133120K [0x00000000e0000000, 0x00000000e8c00000, 0x0000000100000000)
  eden space 133120K, 100% used [0x00000000e0000000,0x00000000e8200000,0x00000000e8200000)
  from space 5120K, 0% used [0x00000000e8700000,0x00000000e8700000,0x00000000e8c00000)
  to   space 5120K, 0% used [0x00000000e8200000,0x00000000e8200000,0x00000000e8700000)
 ParOldGen       total 62464K, used 9861K [0x00000000a0000000, 0x00000000a3d00000, 0x00000000e0000000)
  object space 62464K, 15% used [0x00000000a0000000,0x00000000a09a1498,0x00000000a3d00000)
 Metaspace       used 30557K, capacity 31030K, committed 31232K, reserved 1075200K
  class space    used 4363K, capacity 4548K, committed 4608K, reserved 1048576K
Event: 4.112 GC heap after
Heap after GC invocations=6 (full 1):
 PSYoungGen      total 138240K, used 5104K [0x00000000e0000000, 0x00000000e8c00000, 0x0000000100000000)
  eden space 133120K, 0% used [0x00000000e0000000,0x00000000e0000000,0x00000000e8200000)
  from space 5120K, 99% used [0x00000000e8200000,0x00000000e86fc010,0x00000000e8700000)
  to   space 5120K, 0% used [0x00000000e8700000,0x00000000e8700000,0x00000000e8c00000)
 ParOldGen       total 62464K, used 16724K [0x00000000a0000000, 0x00000000a3d00000, 0x00000000e0000000)
  object space 62464K, 26% used [0x00000000a0000000,0x00000000a1055040,0x00000000a3d00000)
 Metaspace       used 30557K, capacity 31030K, committed 31232K, reserved 1075200K
  class space    used 4363K, capacity 4548K, committed 4608K, reserved 1048576K
}
Event: 4.674 GC heap before
{Heap before GC invocations=7 (full 1):
 PSYoungGen      total 138240K, used 43455K [0x00000000e0000000, 0x00000000e8c00000, 0x0000000100000000)
  eden space 133120K, 28% used [0x00000000e0000000,0x00000000e2573cf0,0x00000000e8200000)
  from space 5120K, 99% used [0x00000000e8200000,0x00000000e86fc010,0x00000000e8700000)
  to   space 5120K, 0% used [0x00000000e8700000,0x00000000e8700000,0x00000000e8c00000)
 ParOldGen       total 62464K, used 16724K [0x00000000a0000000, 0x00000000a3d00000, 0x00000000e0000000)
  object space 62464K, 26% used [0x00000000a0000000,0x00000000a1055040,0x00000000a3d00000)
 Metaspace       used 34819K, capacity 35388K, committed 35456K, reserved 1079296K
  class space    used 4977K, capacity 5194K, committed 5248K, reserved 1048576K
Event: 4.694 GC heap after
Heap after GC invocations=7 (full 1):
 PSYoungGen      total 138240K, used 5120K [0x00000000e0000000, 0x00000000e8c00000, 0x0000000100000000)
  eden space 133120K, 0% used [0x00000000e0000000,0x00000000e0000000,0x00000000e8200000)
  from space 5120K, 100% used [0x00000000e8700000,0x00000000e8c00000,0x00000000e8c00000)
  to   space 5120K, 0% used [0x00000000e8200000,0x00000000e8200000,0x00000000e8700000)
 ParOldGen       total 62464K, used 21162K [0x00000000a0000000, 0x00000000a3d00000, 0x00000000e0000000)
  object space 62464K, 33% used [0x00000000a0000000,0x00000000a14aabd0,0x00000000a3d00000)
 Metaspace       used 34819K, capacity 35388K, committed 35456K, reserved 1079296K
  class space    used 4977K, capacity 5194K, committed 5248K, reserved 1048576K
}
Event: 4.695 GC heap before
{Heap before GC invocations=8 (full 2):
 PSYoungGen      total 138240K, used 5120K [0x00000000e0000000, 0x00000000e8c00000, 0x0000000100000000)
  eden space 133120K, 0% used [0x00000000e0000000,0x00000000e0000000,0x00000000e8200000)
  from space 5120K, 100% used [0x00000000e8700000,0x00000000e8c00000,0x00000000e8c00000)
  to   space 5120K, 0% used [0x00000000e8200000,0x00000000e8200000,0x00000000e8700000)
 ParOldGen       total 62464K, used 21162K [0x00000000a0000000, 0x00000000a3d00000, 0x00000000e0000000)
  object space 62464K, 33% used [0x00000000a0000000,0x00000000a14aabd0,0x00000000a3d00000)
 Metaspace       used 34819K, capacity 35388K, committed 35456K, reserved 1079296K
  class space    used 4977K, capacity 5194K, committed 5248K, reserved 1048576K
Event: 4.743 GC heap after
Heap after GC invocations=8 (full 2):
 PSYoungGen      total 138240K, used 0K [0x00000000e0000000, 0x00000000e8c00000, 0x0000000100000000)
  eden space 133120K, 0% used [0x00000000e0000000,0x00000000e0000000,0x00000000e8200000)
  from space 5120K, 0% used [0x00000000e8700000,0x00000000e8700000,0x00000000e8c00000)
  to   space 5120K, 0% used [0x00000000e8200000,0x00000000e8200000,0x00000000e8700000)
 ParOldGen       total 62464K, used 16308K [0x00000000a0000000, 0x00000000a3d00000, 0x00000000e0000000)
  object space 62464K, 26% used [0x00000000a0000000,0x00000000a0fed058,0x00000000a3d00000)
 Metaspace       used 34819K, capacity 35388K, committed 35456K, reserved 1079296K
  class space    used 4977K, capacity 5194K, committed 5248K, reserved 1048576K
}
Event: 6.395 GC heap before
{Heap before GC invocations=9 (full 2):
 PSYoungGen      total 138240K, used 133120K [0x00000000e0000000, 0x00000000e8c00000, 0x0000000100000000)
  eden space 133120K, 100% used [0x00000000e0000000,0x00000000e8200000,0x00000000e8200000)
  from space 5120K, 0% used [0x00000000e8700000,0x00000000e8700000,0x00000000e8c00000)
  to   space 5120K, 0% used [0x00000000e8200000,0x00000000e8200000,0x00000000e8700000)
 ParOldGen       total 62464K, used 16308K [0x00000000a0000000, 0x00000000a3d00000, 0x00000000e0000000)
  object space 62464K, 26% used [0x00000000a0000000,0x00000000a0fed058,0x00000000a3d00000)
 Metaspace       used 47438K, capacity 48318K, committed 48512K, reserved 1091584K
  class space    used 6637K, capacity 6942K, committed 7040K, reserved 1048576K
Event: 6.406 GC heap after
Heap after GC invocations=9 (full 2):
 PSYoungGen      total 138240K, used 5093K [0x00000000e0000000, 0x00000000e8c00000, 0x0000000100000000)
  eden space 133120K, 0% used [0x00000000e0000000,0x00000000e0000000,0x00000000e8200000)
  from space 5120K, 99% used [0x00000000e8200000,0x00000000e86f97a0,0x00000000e8700000)
  to   space 5120K, 0% used [0x00000000e8700000,0x00000000e8700000,0x00000000e8c00000)
 ParOldGen       total 62464K, used 26474K [0x00000000a0000000, 0x00000000a3d00000, 0x00000000e0000000)
  object space 62464K, 42% used [0x00000000a0000000,0x00000000a19da9a8,0x00000000a3d00000)
 Metaspace       used 47438K, capacity 48318K, committed 48512K, reserved 1091584K
  class space    used 6637K, capacity 6942K, committed 7040K, reserved 1048576K
}

