# JRE version: Java(TM) SE Runtime Environment (8.0_202-b08) (build 1.8.0_202-b08)
# Java VM: Java HotSpot(TM) 64-Bit Server VM (25.202-b08 mixed mode windows-amd64 compressed oops)
Heap:
 PSYoungGen      total 70656K, used 16186K [0x00000000e0000000, 0x00000000e6300000, 0x0000000100000000)
  eden space 59392K, 27% used [0x00000000e0000000,0x00000000e0fcea78,0x00000000e3a00000)
  from space 11264K, 0% used [0x00000000e3a00000,0x00000000e3a00000,0x00000000e4500000)
  to   space 11776K, 0% used [0x00000000e5780000,0x00000000e5780000,0x00000000e6300000)
 ParOldGen       total 101888K, used 15558K [0x00000000a0000000, 0x00000000a6380000, 0x00000000e0000000)
  object space 101888K, 15% used [0x00000000a0000000,0x00000000a0f31a20,0x00000000a6380000)
 Metaspace       used 37248K, capacity 37840K, committed 38016K, reserved 1081344K
  class space    used 5253K, capacity 5498K, committed 5504K, reserved 1048576K
GC Heap History (10 events):
Event: 3.621 GC heap before
{Heap before GC invocations=7 (full 1):
 PSYoungGen      total 38400K, used 33280K [0x00000000e0000000, 0x00000000e5700000, 0x0000000100000000)
  eden space 33280K, 100% used [0x00000000e0000000,0x00000000e2080000,0x00000000e2080000)
  from space 5120K, 0% used [0x00000000e2080000,0x00000000e2080000,0x00000000e2580000)
  to   space 11264K, 0% used [0x00000000e4c00000,0x00000000e4c00000,0x00000000e5700000)
 ParOldGen       total 66048K, used 9598K [0x00000000a0000000, 0x00000000a4080000, 0x00000000e0000000)
  object space 66048K, 14% used [0x00000000a0000000,0x00000000a095fac8,0x00000000a4080000)
 Metaspace       used 24843K, capacity 25286K, committed 25472K, reserved 1071104K
  class space    used 3510K, capacity 3702K, committed 3712K, reserved 1048576K
Event: 3.624 GC heap after
Heap after GC invocations=7 (full 1):
 PSYoungGen      total 53248K, used 4050K [0x00000000e0000000, 0x00000000e5000000, 0x0000000100000000)
  eden space 49152K, 0% used [0x00000000e0000000,0x00000000e0000000,0x00000000e3000000)
  from space 4096K, 98% used [0x00000000e4c00000,0x00000000e4ff4bf0,0x00000000e5000000)
  to   space 11264K, 0% used [0x00000000e3a00000,0x00000000e3a00000,0x00000000e4500000)
 ParOldGen       total 66048K, used 9606K [0x00000000a0000000, 0x00000000a4080000, 0x00000000e0000000)
  object space 66048K, 14% used [0x00000000a0000000,0x00000000a0961ac8,0x00000000a4080000)
 Metaspace       used 24843K, capacity 25286K, committed 25472K, reserved 1071104K
  class space    used 3510K, capacity 3702K, committed 3712K, reserved 1048576K
}
Event: 4.052 GC heap before
{Heap before GC invocations=8 (full 1):
 PSYoungGen      total 53248K, used 53202K [0x00000000e0000000, 0x00000000e5000000, 0x0000000100000000)
  eden space 49152K, 100% used [0x00000000e0000000,0x00000000e3000000,0x00000000e3000000)
  from space 4096K, 98% used [0x00000000e4c00000,0x00000000e4ff4bf0,0x00000000e5000000)
  to   space 11264K, 0% used [0x00000000e3a00000,0x00000000e3a00000,0x00000000e4500000)
 ParOldGen       total 66048K, used 9606K [0x00000000a0000000, 0x00000000a4080000, 0x00000000e0000000)
  object space 66048K, 14% used [0x00000000a0000000,0x00000000a0961ac8,0x00000000a4080000)
 Metaspace       used 28170K, capacity 28630K, committed 28800K, reserved 1073152K
  class space    used 3989K, capacity 4196K, committed 4224K, reserved 1048576K
Event: 4.057 GC heap after
Heap after GC invocations=8 (full 1):
 PSYoungGen      total 70656K, used 6495K [0x00000000e0000000, 0x00000000e5c00000, 0x0000000100000000)
  eden space 59392K, 0% used [0x00000000e0000000,0x00000000e0000000,0x00000000e3a00000)
  from space 11264K, 57% used [0x00000000e3a00000,0x00000000e4057e08,0x00000000e4500000)
  to   space 10752K, 0% used [0x00000000e5180000,0x00000000e5180000,0x00000000e5c00000)
 ParOldGen       total 66048K, used 9614K [0x00000000a0000000, 0x00000000a4080000, 0x00000000e0000000)
  object space 66048K, 14% used [0x00000000a0000000,0x00000000a0963ac8,0x00000000a4080000)
 Metaspace       used 28170K, capacity 28630K, committed 28800K, reserved 1073152K
  class space    used 3989K, capacity 4196K, committed 4224K, reserved 1048576K
}
Event: 5.005 GC heap before
{Heap before GC invocations=9 (full 1):
 PSYoungGen      total 70656K, used 65887K [0x00000000e0000000, 0x00000000e5c00000, 0x0000000100000000)
  eden space 59392K, 100% used [0x00000000e0000000,0x00000000e3a00000,0x00000000e3a00000)
  from space 11264K, 57% used [0x00000000e3a00000,0x00000000e4057e08,0x00000000e4500000)
  to   space 10752K, 0% used [0x00000000e5180000,0x00000000e5180000,0x00000000e5c00000)
 ParOldGen       total 66048K, used 9614K [0x00000000a0000000, 0x00000000a4080000, 0x00000000e0000000)
  object space 66048K, 14% used [0x00000000a0000000,0x00000000a0963ac8,0x00000000a4080000)
 Metaspace       used 31406K, capacity 31866K, committed 32128K, reserved 1077248K
  class space    used 4511K, capacity 4718K, committed 4736K, reserved 1048576K
Event: 5.018 GC heap after
Heap after GC invocations=9 (full 1):
 PSYoungGen      total 70144K, used 9165K [0x00000000e0000000, 0x00000000e5c00000, 0x0000000100000000)
  eden space 59392K, 0% used [0x00000000e0000000,0x00000000e0000000,0x00000000e3a00000)
  from space 10752K, 85% used [0x00000000e5180000,0x00000000e5a734c8,0x00000000e5c00000)
  to   space 11264K, 0% used [0x00000000e3a00000,0x00000000e3a00000,0x00000000e4500000)
 ParOldGen       total 66048K, used 9622K [0x00000000a0000000, 0x00000000a4080000, 0x00000000e0000000)
  object space 66048K, 14% used [0x00000000a0000000,0x00000000a0965ac8,0x00000000a4080000)
 Metaspace       used 31406K, capacity 31866K, committed 32128K, reserved 1077248K
  class space    used 4511K, capacity 4718K, committed 4736K, reserved 1048576K
}
Event: 5.447 GC heap before
{Heap before GC invocations=10 (full 1):
 PSYoungGen      total 70144K, used 29870K [0x00000000e0000000, 0x00000000e5c00000, 0x0000000100000000)
  eden space 59392K, 34% used [0x00000000e0000000,0x00000000e1438658,0x00000000e3a00000)
  from space 10752K, 85% used [0x00000000e5180000,0x00000000e5a734c8,0x00000000e5c00000)
  to   space 11264K, 0% used [0x00000000e3a00000,0x00000000e3a00000,0x00000000e4500000)
 ParOldGen       total 66048K, used 9622K [0x00000000a0000000, 0x00000000a4080000, 0x00000000e0000000)
  object space 66048K, 14% used [0x00000000a0000000,0x00000000a0965ac8,0x00000000a4080000)
 Metaspace       used 34864K, capacity 35388K, committed 35456K, reserved 1079296K
  class space    used 4980K, capacity 5194K, committed 5248K, reserved 1048576K
Event: 5.455 GC heap after
Heap after GC invocations=10 (full 1):
 PSYoungGen      total 70656K, used 8875K [0x00000000e0000000, 0x00000000e6300000, 0x0000000100000000)
  eden space 59392K, 0% used [0x00000000e0000000,0x00000000e0000000,0x00000000e3a00000)
  from space 11264K, 78% used [0x00000000e3a00000,0x00000000e42aad78,0x00000000e4500000)
  to   space 11776K, 0% used [0x00000000e5780000,0x00000000e5780000,0x00000000e6300000)
 ParOldGen       total 66048K, used 9630K [0x00000000a0000000, 0x00000000a4080000, 0x00000000e0000000)
  object space 66048K, 14% used [0x00000000a0000000,0x00000000a0967ac8,0x00000000a4080000)
 Metaspace       used 34864K, capacity 35388K, committed 35456K, reserved 1079296K
  class space    used 4980K, capacity 5194K, committed 5248K, reserved 1048576K
}
Event: 5.455 GC heap before
{Heap before GC invocations=11 (full 2):
 PSYoungGen      total 70656K, used 8875K [0x00000000e0000000, 0x00000000e6300000, 0x0000000100000000)
  eden space 59392K, 0% used [0x00000000e0000000,0x00000000e0000000,0x00000000e3a00000)
  from space 11264K, 78% used [0x00000000e3a00000,0x00000000e42aad78,0x00000000e4500000)
  to   space 11776K, 0% used [0x00000000e5780000,0x00000000e5780000,0x00000000e6300000)
 ParOldGen       total 66048K, used 9630K [0x00000000a0000000, 0x00000000a4080000, 0x00000000e0000000)
  object space 66048K, 14% used [0x00000000a0000000,0x00000000a0967ac8,0x00000000a4080000)
 Metaspace       used 34864K, capacity 35388K, committed 35456K, reserved 1079296K
  class space    used 4980K, capacity 5194K, committed 5248K, reserved 1048576K
Event: 5.516 GC heap after
Heap after GC invocations=11 (full 2):
 PSYoungGen      total 70656K, used 0K [0x00000000e0000000, 0x00000000e6300000, 0x0000000100000000)
  eden space 59392K, 0% used [0x00000000e0000000,0x00000000e0000000,0x00000000e3a00000)
  from space 11264K, 0% used [0x00000000e3a00000,0x00000000e3a00000,0x00000000e4500000)
  to   space 11776K, 0% used [0x00000000e5780000,0x00000000e5780000,0x00000000e6300000)
 ParOldGen       total 101888K, used 15558K [0x00000000a0000000, 0x00000000a6380000, 0x00000000e0000000)
  object space 101888K, 15% used [0x00000000a0000000,0x00000000a0f31a20,0x00000000a6380000)
 Metaspace       used 34864K, capacity 35388K, committed 35456K, reserved 1079296K
  class space    used 4980K, capacity 5194K, committed 5248K, reserved 1048576K
}

