# JRE version: Java(TM) SE Runtime Environment (8.0_202-b08) (build 1.8.0_202-b08)
# Java VM: Java HotSpot(TM) 64-Bit Server VM (25.202-b08 mixed mode windows-amd64 compressed oops)
Heap:
 PSYoungGen      total 70656K, used 61948K [0x00000000e0000000, 0x00000000e6980000, 0x0000000100000000)
  eden space 59392K, 92% used [0x00000000e0000000,0x00000000e35bfc90,0x00000000e3a00000)
  from space 11264K, 61% used [0x00000000e3a00000,0x00000000e40bf688,0x00000000e4500000)
  to   space 10752K, 0% used [0x00000000e5f00000,0x00000000e5f00000,0x00000000e6980000)
 ParOldGen       total 62464K, used 9612K [0x00000000a0000000, 0x00000000a3d00000, 0x00000000e0000000)
  object space 62464K, 15% used [0x00000000a0000000,0x00000000a09633c8,0x00000000a3d00000)
 Metaspace       used 31401K, capacity 31866K, committed 32128K, reserved 1077248K
  class space    used 4508K, capacity 4718K, committed 4736K, reserved 1048576K
GC Heap History (10 events):
Event: 1.969 GC heap before
{Heap before GC invocations=4 (full 0):
 PSYoungGen      total 38400K, used 38389K [0x00000000e0000000, 0x00000000e2a80000, 0x0000000100000000)
  eden space 33280K, 100% used [0x00000000e0000000,0x00000000e2080000,0x00000000e2080000)
  from space 5120K, 99% used [0x00000000e2080000,0x00000000e257d470,0x00000000e2580000)
  to   space 5120K, 0% used [0x00000000e2580000,0x00000000e2580000,0x00000000e2a80000)
 ParOldGen       total 87552K, used 2146K [0x00000000a0000000, 0x00000000a5580000, 0x00000000e0000000)
  object space 87552K, 2% used [0x00000000a0000000,0x00000000a0218b88,0x00000000a5580000)
 Metaspace       used 16710K, capacity 17066K, committed 17280K, reserved 1064960K
  class space    used 2473K, capacity 2647K, committed 2688K, reserved 1048576K
Event: 1.976 GC heap after
Heap after GC invocations=4 (full 0):
 PSYoungGen      total 38400K, used 5104K [0x00000000e0000000, 0x00000000e4b00000, 0x0000000100000000)
  eden space 33280K, 0% used [0x00000000e0000000,0x00000000e0000000,0x00000000e2080000)
  from space 5120K, 99% used [0x00000000e2580000,0x00000000e2a7c030,0x00000000e2a80000)
  to   space 5120K, 0% used [0x00000000e2080000,0x00000000e2080000,0x00000000e2580000)
 ParOldGen       total 87552K, used 5368K [0x00000000a0000000, 0x00000000a5580000, 0x00000000e0000000)
  object space 87552K, 6% used [0x00000000a0000000,0x00000000a053e268,0x00000000a5580000)
 Metaspace       used 16710K, capacity 17066K, committed 17280K, reserved 1064960K
  class space    used 2473K, capacity 2647K, committed 2688K, reserved 1048576K
}
Event: 2.304 GC heap before
{Heap before GC invocations=5 (full 0):
 PSYoungGen      total 38400K, used 37169K [0x00000000e0000000, 0x00000000e4b00000, 0x0000000100000000)
  eden space 33280K, 96% used [0x00000000e0000000,0x00000000e1f50760,0x00000000e2080000)
  from space 5120K, 99% used [0x00000000e2580000,0x00000000e2a7c030,0x00000000e2a80000)
  to   space 5120K, 0% used [0x00000000e2080000,0x00000000e2080000,0x00000000e2580000)
 ParOldGen       total 87552K, used 5368K [0x00000000a0000000, 0x00000000a5580000, 0x00000000e0000000)
  object space 87552K, 6% used [0x00000000a0000000,0x00000000a053e268,0x00000000a5580000)
 Metaspace       used 20760K, capacity 21212K, committed 21296K, reserved 1067008K
  class space    used 2979K, capacity 3182K, committed 3200K, reserved 1048576K
Event: 2.309 GC heap after
Heap after GC invocations=5 (full 0):
 PSYoungGen      total 38400K, used 5088K [0x00000000e0000000, 0x00000000e5700000, 0x0000000100000000)
  eden space 33280K, 0% used [0x00000000e0000000,0x00000000e0000000,0x00000000e2080000)
  from space 5120K, 99% used [0x00000000e2080000,0x00000000e2578030,0x00000000e2580000)
  to   space 11264K, 0% used [0x00000000e4c00000,0x00000000e4c00000,0x00000000e5700000)
 ParOldGen       total 87552K, used 9627K [0x00000000a0000000, 0x00000000a5580000, 0x00000000e0000000)
  object space 87552K, 10% used [0x00000000a0000000,0x00000000a0966e38,0x00000000a5580000)
 Metaspace       used 20760K, capacity 21212K, committed 21296K, reserved 1067008K
  class space    used 2979K, capacity 3182K, committed 3200K, reserved 1048576K
}
Event: 2.309 GC heap before
{Heap before GC invocations=6 (full 1):
 PSYoungGen      total 38400K, used 5088K [0x00000000e0000000, 0x00000000e5700000, 0x0000000100000000)
  eden space 33280K, 0% used [0x00000000e0000000,0x00000000e0000000,0x00000000e2080000)
  from space 5120K, 99% used [0x00000000e2080000,0x00000000e2578030,0x00000000e2580000)
  to   space 11264K, 0% used [0x00000000e4c00000,0x00000000e4c00000,0x00000000e5700000)
 ParOldGen       total 87552K, used 9627K [0x00000000a0000000, 0x00000000a5580000, 0x00000000e0000000)
  object space 87552K, 10% used [0x00000000a0000000,0x00000000a0966e38,0x00000000a5580000)
 Metaspace       used 20760K, capacity 21212K, committed 21296K, reserved 1067008K
  class space    used 2979K, capacity 3182K, committed 3200K, reserved 1048576K
Event: 2.332 GC heap after
Heap after GC invocations=6 (full 1):
 PSYoungGen      total 38400K, used 0K [0x00000000e0000000, 0x00000000e5700000, 0x0000000100000000)
  eden space 33280K, 0% used [0x00000000e0000000,0x00000000e0000000,0x00000000e2080000)
  from space 5120K, 0% used [0x00000000e2080000,0x00000000e2080000,0x00000000e2580000)
  to   space 11264K, 0% used [0x00000000e4c00000,0x00000000e4c00000,0x00000000e5700000)
 ParOldGen       total 62464K, used 9596K [0x00000000a0000000, 0x00000000a3d00000, 0x00000000e0000000)
  object space 62464K, 15% used [0x00000000a0000000,0x00000000a095f3c8,0x00000000a3d00000)
 Metaspace       used 20760K, capacity 21212K, committed 21296K, reserved 1067008K
  class space    used 2979K, capacity 3182K, committed 3200K, reserved 1048576K
}
Event: 2.620 GC heap before
{Heap before GC invocations=7 (full 1):
 PSYoungGen      total 38400K, used 33280K [0x00000000e0000000, 0x00000000e5700000, 0x0000000100000000)
  eden space 33280K, 100% used [0x00000000e0000000,0x00000000e2080000,0x00000000e2080000)
  from space 5120K, 0% used [0x00000000e2080000,0x00000000e2080000,0x00000000e2580000)
  to   space 11264K, 0% used [0x00000000e4c00000,0x00000000e4c00000,0x00000000e5700000)
 ParOldGen       total 62464K, used 9596K [0x00000000a0000000, 0x00000000a3d00000, 0x00000000e0000000)
  object space 62464K, 15% used [0x00000000a0000000,0x00000000a095f3c8,0x00000000a3d00000)
 Metaspace       used 24859K, capacity 25350K, committed 25472K, reserved 1071104K
  class space    used 3508K, capacity 3702K, committed 3712K, reserved 1048576K
Event: 2.626 GC heap after
Heap after GC invocations=7 (full 1):
 PSYoungGen      total 57856K, used 4039K [0x00000000e0000000, 0x00000000e5000000, 0x0000000100000000)
  eden space 53760K, 0% used [0x00000000e0000000,0x00000000e0000000,0x00000000e3480000)
  from space 4096K, 98% used [0x00000000e4c00000,0x00000000e4ff1e60,0x00000000e5000000)
  to   space 11264K, 0% used [0x00000000e3a00000,0x00000000e3a00000,0x00000000e4500000)
 ParOldGen       total 62464K, used 9604K [0x00000000a0000000, 0x00000000a3d00000, 0x00000000e0000000)
  object space 62464K, 15% used [0x00000000a0000000,0x00000000a09613c8,0x00000000a3d00000)
 Metaspace       used 24859K, capacity 25350K, committed 25472K, reserved 1071104K
  class space    used 3508K, capacity 3702K, committed 3712K, reserved 1048576K
}
Event: 3.050 GC heap before
{Heap before GC invocations=8 (full 1):
 PSYoungGen      total 57856K, used 57799K [0x00000000e0000000, 0x00000000e5000000, 0x0000000100000000)
  eden space 53760K, 100% used [0x00000000e0000000,0x00000000e3480000,0x00000000e3480000)
  from space 4096K, 98% used [0x00000000e4c00000,0x00000000e4ff1e60,0x00000000e5000000)
  to   space 11264K, 0% used [0x00000000e3a00000,0x00000000e3a00000,0x00000000e4500000)
 ParOldGen       total 62464K, used 9604K [0x00000000a0000000, 0x00000000a3d00000, 0x00000000e0000000)
  object space 62464K, 15% used [0x00000000a0000000,0x00000000a09613c8,0x00000000a3d00000)
 Metaspace       used 28601K, capacity 29078K, committed 29184K, reserved 1075200K
  class space    used 4061K, capacity 4260K, committed 4352K, reserved 1048576K
Event: 3.057 GC heap after
Heap after GC invocations=8 (full 1):
 PSYoungGen      total 70656K, used 6909K [0x00000000e0000000, 0x00000000e6980000, 0x0000000100000000)
  eden space 59392K, 0% used [0x00000000e0000000,0x00000000e0000000,0x00000000e3a00000)
  from space 11264K, 61% used [0x00000000e3a00000,0x00000000e40bf688,0x00000000e4500000)
  to   space 10752K, 0% used [0x00000000e5f00000,0x00000000e5f00000,0x00000000e6980000)
 ParOldGen       total 62464K, used 9612K [0x00000000a0000000, 0x00000000a3d00000, 0x00000000e0000000)
  object space 62464K, 15% used [0x00000000a0000000,0x00000000a09633c8,0x00000000a3d00000)
 Metaspace       used 28601K, capacity 29078K, committed 29184K, reserved 1075200K
  class space    used 4061K, capacity 4260K, committed 4352K, reserved 1048576K
}

